Determining if the function pow exists failed with the following output:
Change Dir: /home/duckonomy/Development/LoTide/lotide/build/CMakeFiles/CMakeTmp

Run Build Command(s):/usr/bin/gmake cmTC_ba0ce/fast 
/usr/bin/gmake -f CMakeFiles/cmTC_ba0ce.dir/build.make CMakeFiles/cmTC_ba0ce.dir/build
gmake[1]: Entering directory '/home/duckonomy/Development/LoTide/lotide/build/CMakeFiles/CMakeTmp'
Building C object CMakeFiles/cmTC_ba0ce.dir/CheckFunctionExists.c.o
/usr/bin/cc   -DCHECK_FUNCTION_EXISTS=pow   -o CMakeFiles/cmTC_ba0ce.dir/CheckFunctionExists.c.o   -c /usr/share/cmake/Modules/CheckFunctionExists.c
<command-line>: warning: conflicting types for built-in function ‘pow’; expected ‘double(double,  double)’ [-Wbuiltin-declaration-mismatch]
/usr/share/cmake/Modules/CheckFunctionExists.c:7:3: note: in expansion of macro ‘CHECK_FUNCTION_EXISTS’
    7 |   CHECK_FUNCTION_EXISTS(void);
      |   ^~~~~~~~~~~~~~~~~~~~~
/usr/share/cmake/Modules/CheckFunctionExists.c:1:1: note: ‘pow’ is declared in header ‘<math.h>’
  +++ |+#include <math.h>
    1 | #ifdef CHECK_FUNCTION_EXISTS
Linking C executable cmTC_ba0ce
/usr/bin/cmake -E cmake_link_script CMakeFiles/cmTC_ba0ce.dir/link.txt --verbose=1
/usr/bin/cc  -DCHECK_FUNCTION_EXISTS=pow    CMakeFiles/cmTC_ba0ce.dir/CheckFunctionExists.c.o  -o cmTC_ba0ce 
/usr/bin/ld: CMakeFiles/cmTC_ba0ce.dir/CheckFunctionExists.c.o: in function `main':
CheckFunctionExists.c:(.text+0x10): undefined reference to `pow'
collect2: error: ld returned 1 exit status
gmake[1]: *** [CMakeFiles/cmTC_ba0ce.dir/build.make:87: cmTC_ba0ce] Error 1
gmake[1]: Leaving directory '/home/duckonomy/Development/LoTide/lotide/build/CMakeFiles/CMakeTmp'
gmake: *** [Makefile:121: cmTC_ba0ce/fast] Error 2


Determining if the function obstack exists failed with the following output:
Change Dir: /home/duckonomy/Development/LoTide/lotide/build/CMakeFiles/CMakeTmp

Run Build Command(s):/usr/bin/gmake cmTC_b5ee4/fast 
/usr/bin/gmake -f CMakeFiles/cmTC_b5ee4.dir/build.make CMakeFiles/cmTC_b5ee4.dir/build
gmake[1]: Entering directory '/home/duckonomy/Development/LoTide/lotide/build/CMakeFiles/CMakeTmp'
Building C object CMakeFiles/cmTC_b5ee4.dir/CheckFunctionExists.c.o
/usr/bin/cc   -DCHECK_FUNCTION_EXISTS=obstack   -o CMakeFiles/cmTC_b5ee4.dir/CheckFunctionExists.c.o   -c /usr/share/cmake/Modules/CheckFunctionExists.c
Linking C executable cmTC_b5ee4
/usr/bin/cmake -E cmake_link_script CMakeFiles/cmTC_b5ee4.dir/link.txt --verbose=1
/usr/bin/cc  -DCHECK_FUNCTION_EXISTS=obstack    CMakeFiles/cmTC_b5ee4.dir/CheckFunctionExists.c.o  -o cmTC_b5ee4 
/usr/bin/ld: CMakeFiles/cmTC_b5ee4.dir/CheckFunctionExists.c.o: in function `main':
CheckFunctionExists.c:(.text+0x10): undefined reference to `obstack'
collect2: error: ld returned 1 exit status
gmake[1]: *** [CMakeFiles/cmTC_b5ee4.dir/build.make:87: cmTC_b5ee4] Error 1
gmake[1]: Leaving directory '/home/duckonomy/Development/LoTide/lotide/build/CMakeFiles/CMakeTmp'
gmake: *** [Makefile:121: cmTC_b5ee4/fast] Error 2


Determining size of __int64 failed with the following output:
Change Dir: /home/duckonomy/Development/LoTide/lotide/build/CMakeFiles/CMakeTmp

Run Build Command(s):/usr/bin/gmake cmTC_f5c09/fast 
/usr/bin/gmake -f CMakeFiles/cmTC_f5c09.dir/build.make CMakeFiles/cmTC_f5c09.dir/build
gmake[1]: Entering directory '/home/duckonomy/Development/LoTide/lotide/build/CMakeFiles/CMakeTmp'
Building C object CMakeFiles/cmTC_f5c09.dir/__INT64.c.o
/usr/bin/cc    -o CMakeFiles/cmTC_f5c09.dir/__INT64.c.o   -c /home/duckonomy/Development/LoTide/lotide/build/CMakeFiles/CheckTypeSize/__INT64.c
/home/duckonomy/Development/LoTide/lotide/build/CMakeFiles/CheckTypeSize/__INT64.c:23:22: error: ‘__int64’ undeclared here (not in a function); did you mean ‘__int64_t’?
   23 | #define SIZE (sizeof(__int64))
      |                      ^~~~~~~
/home/duckonomy/Development/LoTide/lotide/build/CMakeFiles/CheckTypeSize/__INT64.c:25:12: note: in expansion of macro ‘SIZE’
   25 |   ('0' + ((SIZE / 10000)%10)),
      |            ^~~~
gmake[1]: *** [CMakeFiles/cmTC_f5c09.dir/build.make:66: CMakeFiles/cmTC_f5c09.dir/__INT64.c.o] Error 1
gmake[1]: Leaving directory '/home/duckonomy/Development/LoTide/lotide/build/CMakeFiles/CMakeTmp'
gmake: *** [Makefile:121: cmTC_f5c09/fast] Error 2

/home/duckonomy/Development/LoTide/lotide/build/CMakeFiles/CheckTypeSize/__INT64.c:
#include <sys/types.h>
#include <stdint.h>
#include <stddef.h>


#undef KEY
#if defined(__i386)
# define KEY '_','_','i','3','8','6'
#elif defined(__x86_64)
# define KEY '_','_','x','8','6','_','6','4'
#elif defined(__ppc__)
# define KEY '_','_','p','p','c','_','_'
#elif defined(__ppc64__)
# define KEY '_','_','p','p','c','6','4','_','_'
#elif defined(__aarch64__)
# define KEY '_','_','a','a','r','c','h','6','4','_','_'
#elif defined(__ARM_ARCH_7A__)
# define KEY '_','_','A','R','M','_','A','R','C','H','_','7','A','_','_'
#elif defined(__ARM_ARCH_7S__)
# define KEY '_','_','A','R','M','_','A','R','C','H','_','7','S','_','_'
#endif

#define SIZE (sizeof(__int64))
char info_size[] =  {'I', 'N', 'F', 'O', ':', 's','i','z','e','[',
  ('0' + ((SIZE / 10000)%10)),
  ('0' + ((SIZE / 1000)%10)),
  ('0' + ((SIZE / 100)%10)),
  ('0' + ((SIZE / 10)%10)),
  ('0' +  (SIZE    % 10)),
  ']',
#ifdef KEY
  ' ','k','e','y','[', KEY, ']',
#endif
  '\0'};

#ifdef __CLASSIC_C__
int main(argc, argv) int argc; char *argv[];
#else
int main(int argc, char *argv[])
#endif
{
  int require = 0;
  require += info_size[argc];
  (void)argv;
  return require;
}


Determining size of unsigned __int64 failed with the following output:
Change Dir: /home/duckonomy/Development/LoTide/lotide/build/CMakeFiles/CMakeTmp

Run Build Command(s):/usr/bin/gmake cmTC_fdeb2/fast 
/usr/bin/gmake -f CMakeFiles/cmTC_fdeb2.dir/build.make CMakeFiles/cmTC_fdeb2.dir/build
gmake[1]: Entering directory '/home/duckonomy/Development/LoTide/lotide/build/CMakeFiles/CMakeTmp'
Building C object CMakeFiles/cmTC_fdeb2.dir/UNSIGNED___INT64.c.o
/usr/bin/cc    -o CMakeFiles/cmTC_fdeb2.dir/UNSIGNED___INT64.c.o   -c /home/duckonomy/Development/LoTide/lotide/build/CMakeFiles/CheckTypeSize/UNSIGNED___INT64.c
/home/duckonomy/Development/LoTide/lotide/build/CMakeFiles/CheckTypeSize/UNSIGNED___INT64.c:23:31: error: expected ‘)’ before ‘__int64’
   23 | #define SIZE (sizeof(unsigned __int64))
      |                     ~         ^~~~~~~
/home/duckonomy/Development/LoTide/lotide/build/CMakeFiles/CheckTypeSize/UNSIGNED___INT64.c:25:12: note: in expansion of macro ‘SIZE’
   25 |   ('0' + ((SIZE / 10000)%10)),
      |            ^~~~
/home/duckonomy/Development/LoTide/lotide/build/CMakeFiles/CheckTypeSize/UNSIGNED___INT64.c:23:31: error: expected ‘)’ before ‘__int64’
   23 | #define SIZE (sizeof(unsigned __int64))
      |                     ~         ^~~~~~~
/home/duckonomy/Development/LoTide/lotide/build/CMakeFiles/CheckTypeSize/UNSIGNED___INT64.c:26:12: note: in expansion of macro ‘SIZE’
   26 |   ('0' + ((SIZE / 1000)%10)),
      |            ^~~~
/home/duckonomy/Development/LoTide/lotide/build/CMakeFiles/CheckTypeSize/UNSIGNED___INT64.c:23:31: error: expected ‘)’ before ‘__int64’
   23 | #define SIZE (sizeof(unsigned __int64))
      |                     ~         ^~~~~~~
/home/duckonomy/Development/LoTide/lotide/build/CMakeFiles/CheckTypeSize/UNSIGNED___INT64.c:27:12: note: in expansion of macro ‘SIZE’
   27 |   ('0' + ((SIZE / 100)%10)),
      |            ^~~~
/home/duckonomy/Development/LoTide/lotide/build/CMakeFiles/CheckTypeSize/UNSIGNED___INT64.c:23:31: error: expected ‘)’ before ‘__int64’
   23 | #define SIZE (sizeof(unsigned __int64))
      |                     ~         ^~~~~~~
/home/duckonomy/Development/LoTide/lotide/build/CMakeFiles/CheckTypeSize/UNSIGNED___INT64.c:28:12: note: in expansion of macro ‘SIZE’
   28 |   ('0' + ((SIZE / 10)%10)),
      |            ^~~~
/home/duckonomy/Development/LoTide/lotide/build/CMakeFiles/CheckTypeSize/UNSIGNED___INT64.c:23:31: error: expected ‘)’ before ‘__int64’
   23 | #define SIZE (sizeof(unsigned __int64))
      |                     ~         ^~~~~~~
/home/duckonomy/Development/LoTide/lotide/build/CMakeFiles/CheckTypeSize/UNSIGNED___INT64.c:29:12: note: in expansion of macro ‘SIZE’
   29 |   ('0' +  (SIZE    % 10)),
      |            ^~~~
gmake[1]: *** [CMakeFiles/cmTC_fdeb2.dir/build.make:66: CMakeFiles/cmTC_fdeb2.dir/UNSIGNED___INT64.c.o] Error 1
gmake[1]: Leaving directory '/home/duckonomy/Development/LoTide/lotide/build/CMakeFiles/CMakeTmp'
gmake: *** [Makefile:121: cmTC_fdeb2/fast] Error 2

/home/duckonomy/Development/LoTide/lotide/build/CMakeFiles/CheckTypeSize/UNSIGNED___INT64.c:
#include <sys/types.h>
#include <stdint.h>
#include <stddef.h>


#undef KEY
#if defined(__i386)
# define KEY '_','_','i','3','8','6'
#elif defined(__x86_64)
# define KEY '_','_','x','8','6','_','6','4'
#elif defined(__ppc__)
# define KEY '_','_','p','p','c','_','_'
#elif defined(__ppc64__)
# define KEY '_','_','p','p','c','6','4','_','_'
#elif defined(__aarch64__)
# define KEY '_','_','a','a','r','c','h','6','4','_','_'
#elif defined(__ARM_ARCH_7A__)
# define KEY '_','_','A','R','M','_','A','R','C','H','_','7','A','_','_'
#elif defined(__ARM_ARCH_7S__)
# define KEY '_','_','A','R','M','_','A','R','C','H','_','7','S','_','_'
#endif

#define SIZE (sizeof(unsigned __int64))
char info_size[] =  {'I', 'N', 'F', 'O', ':', 's','i','z','e','[',
  ('0' + ((SIZE / 10000)%10)),
  ('0' + ((SIZE / 1000)%10)),
  ('0' + ((SIZE / 100)%10)),
  ('0' + ((SIZE / 10)%10)),
  ('0' +  (SIZE    % 10)),
  ']',
#ifdef KEY
  ' ','k','e','y','[', KEY, ']',
#endif
  '\0'};

#ifdef __CLASSIC_C__
int main(argc, argv) int argc; char *argv[];
#else
int main(int argc, char *argv[])
#endif
{
  int require = 0;
  require += info_size[argc];
  (void)argv;
  return require;
}


Determining if the pthread_create exist failed with the following output:
Change Dir: /home/duckonomy/Development/LoTide/lotide/build/CMakeFiles/CMakeTmp

Run Build Command(s):/usr/bin/gmake cmTC_4bc34/fast 
/usr/bin/gmake -f CMakeFiles/cmTC_4bc34.dir/build.make CMakeFiles/cmTC_4bc34.dir/build
gmake[1]: Entering directory '/home/duckonomy/Development/LoTide/lotide/build/CMakeFiles/CMakeTmp'
Building C object CMakeFiles/cmTC_4bc34.dir/CheckSymbolExists.c.o
/usr/bin/cc    -o CMakeFiles/cmTC_4bc34.dir/CheckSymbolExists.c.o   -c /home/duckonomy/Development/LoTide/lotide/build/CMakeFiles/CMakeTmp/CheckSymbolExists.c
Linking C executable cmTC_4bc34
/usr/bin/cmake -E cmake_link_script CMakeFiles/cmTC_4bc34.dir/link.txt --verbose=1
/usr/bin/cc      CMakeFiles/cmTC_4bc34.dir/CheckSymbolExists.c.o  -o cmTC_4bc34 
/usr/bin/ld: CMakeFiles/cmTC_4bc34.dir/CheckSymbolExists.c.o: in function `main':
CheckSymbolExists.c:(.text+0x16): undefined reference to `pthread_create'
collect2: error: ld returned 1 exit status
gmake[1]: *** [CMakeFiles/cmTC_4bc34.dir/build.make:87: cmTC_4bc34] Error 1
gmake[1]: Leaving directory '/home/duckonomy/Development/LoTide/lotide/build/CMakeFiles/CMakeTmp'
gmake: *** [Makefile:121: cmTC_4bc34/fast] Error 2

File /home/duckonomy/Development/LoTide/lotide/build/CMakeFiles/CMakeTmp/CheckSymbolExists.c:
/* */
#include <pthread.h>

int main(int argc, char** argv)
{
  (void)argv;
#ifndef pthread_create
  return ((int*)(&pthread_create))[argc];
#else
  (void)argc;
  return 0;
#endif
}

Determining if the function pthread_create exists in the pthreads failed with the following output:
Change Dir: /home/duckonomy/Development/LoTide/lotide/build/CMakeFiles/CMakeTmp

Run Build Command(s):/usr/bin/gmake cmTC_612c1/fast 
/usr/bin/gmake -f CMakeFiles/cmTC_612c1.dir/build.make CMakeFiles/cmTC_612c1.dir/build
gmake[1]: Entering directory '/home/duckonomy/Development/LoTide/lotide/build/CMakeFiles/CMakeTmp'
Building C object CMakeFiles/cmTC_612c1.dir/CheckFunctionExists.c.o
/usr/bin/cc   -DCHECK_FUNCTION_EXISTS=pthread_create   -o CMakeFiles/cmTC_612c1.dir/CheckFunctionExists.c.o   -c /usr/share/cmake/Modules/CheckFunctionExists.c
Linking C executable cmTC_612c1
/usr/bin/cmake -E cmake_link_script CMakeFiles/cmTC_612c1.dir/link.txt --verbose=1
/usr/bin/cc  -DCHECK_FUNCTION_EXISTS=pthread_create    CMakeFiles/cmTC_612c1.dir/CheckFunctionExists.c.o  -o cmTC_612c1 -lpthreads 
/usr/bin/ld: cannot find -lpthreads
collect2: error: ld returned 1 exit status
gmake[1]: *** [CMakeFiles/cmTC_612c1.dir/build.make:87: cmTC_612c1] Error 1
gmake[1]: Leaving directory '/home/duckonomy/Development/LoTide/lotide/build/CMakeFiles/CMakeTmp'
gmake: *** [Makefile:121: cmTC_612c1/fast] Error 2


